This is pdfTeX, Version 3.14159265-2.6-1.40.21 (TeX Live 2020) (preloaded format=pdflatex 2020.7.20)  22 AUG 2020 17:01
entering extended mode
 restricted \write18 enabled.
 %&-line parsing enabled.
**01-Intro-Distribuciones-Probabilidad.tex
(./01-Intro-Distribuciones-Probabilidad.tex
LaTeX2e <2020-02-02> patch level 5
L3 programming layer <2020-07-17> (/home/santiago/.TinyTeX/texmf-dist/tex/latex
/base/article.cls
Document Class: article 2019/12/20 v1.4l Standard LaTeX document class
(/home/santiago/.TinyTeX/texmf-dist/tex/latex/base/size10.clo
File: size10.clo 2019/12/20 v1.4l Standard LaTeX file (size option)
)
\c@part=\count168
\c@section=\count169
\c@subsection=\count170
\c@subsubsection=\count171
\c@paragraph=\count172
\c@subparagraph=\count173
\c@figure=\count174
\c@table=\count175
\abovecaptionskip=\skip47
\belowcaptionskip=\skip48
\bibindent=\dimen134
) (/home/santiago/.TinyTeX/texmf-dist/tex/latex/lm/lmodern.sty
Package: lmodern 2009/10/30 v1.6 Latin Modern Fonts
LaTeX Font Info:    Overwriting symbol font `operators' in version `normal'
(Font)                  OT1/cmr/m/n --> OT1/lmr/m/n on input line 22.
LaTeX Font Info:    Overwriting symbol font `letters' in version `normal'
(Font)                  OML/cmm/m/it --> OML/lmm/m/it on input line 23.
LaTeX Font Info:    Overwriting symbol font `symbols' in version `normal'
(Font)                  OMS/cmsy/m/n --> OMS/lmsy/m/n on input line 24.
LaTeX Font Info:    Overwriting symbol font `largesymbols' in version `normal'
(Font)                  OMX/cmex/m/n --> OMX/lmex/m/n on input line 25.
LaTeX Font Info:    Overwriting symbol font `operators' in version `bold'
(Font)                  OT1/cmr/bx/n --> OT1/lmr/bx/n on input line 26.
LaTeX Font Info:    Overwriting symbol font `letters' in version `bold'
(Font)                  OML/cmm/b/it --> OML/lmm/b/it on input line 27.
LaTeX Font Info:    Overwriting symbol font `symbols' in version `bold'
(Font)                  OMS/cmsy/b/n --> OMS/lmsy/b/n on input line 28.
LaTeX Font Info:    Overwriting symbol font `largesymbols' in version `bold'
(Font)                  OMX/cmex/m/n --> OMX/lmex/m/n on input line 29.
LaTeX Font Info:    Overwriting math alphabet `\mathbf' in version `normal'
(Font)                  OT1/cmr/bx/n --> OT1/lmr/bx/n on input line 31.
LaTeX Font Info:    Overwriting math alphabet `\mathsf' in version `normal'
(Font)                  OT1/cmss/m/n --> OT1/lmss/m/n on input line 32.
LaTeX Font Info:    Overwriting math alphabet `\mathit' in version `normal'
(Font)                  OT1/cmr/m/it --> OT1/lmr/m/it on input line 33.
LaTeX Font Info:    Overwriting math alphabet `\mathtt' in version `normal'
(Font)                  OT1/cmtt/m/n --> OT1/lmtt/m/n on input line 34.
LaTeX Font Info:    Overwriting math alphabet `\mathbf' in version `bold'
(Font)                  OT1/cmr/bx/n --> OT1/lmr/bx/n on input line 35.
LaTeX Font Info:    Overwriting math alphabet `\mathsf' in version `bold'
(Font)                  OT1/cmss/bx/n --> OT1/lmss/bx/n on input line 36.
LaTeX Font Info:    Overwriting math alphabet `\mathit' in version `bold'
(Font)                  OT1/cmr/bx/it --> OT1/lmr/bx/it on input line 37.
LaTeX Font Info:    Overwriting math alphabet `\mathtt' in version `bold'
(Font)                  OT1/cmtt/m/n --> OT1/lmtt/m/n on input line 38.
) (/home/santiago/.TinyTeX/texmf-dist/tex/latex/amsfonts/amssymb.sty
Package: amssymb 2013/01/14 v3.01 AMS font symbols
(/home/santiago/.TinyTeX/texmf-dist/tex/latex/amsfonts/amsfonts.sty
Package: amsfonts 2013/01/14 v3.01 Basic AMSFonts support
\@emptytoks=\toks15
\symAMSa=\mathgroup4
\symAMSb=\mathgroup5
LaTeX Font Info:    Redeclaring math symbol \hbar on input line 98.
LaTeX Font Info:    Overwriting math alphabet `\mathfrak' in version `bold'
(Font)                  U/euf/m/n --> U/euf/b/n on input line 106.
)) (/home/santiago/.TinyTeX/texmf-dist/tex/latex/amsmath/amsmath.sty
Package: amsmath 2020/01/20 v2.17e AMS math features
\@mathmargin=\skip49
For additional information on amsmath, use the `?' option.
(/home/santiago/.TinyTeX/texmf-dist/tex/latex/amsmath/amstext.sty
Package: amstext 2000/06/29 v2.01 AMS text
(/home/santiago/.TinyTeX/texmf-dist/tex/latex/amsmath/amsgen.sty
File: amsgen.sty 1999/11/30 v2.0 generic functions
\@emptytoks=\toks16
\ex@=\dimen135
)) (/home/santiago/.TinyTeX/texmf-dist/tex/latex/amsmath/amsbsy.sty
Package: amsbsy 1999/11/29 v1.2d Bold Symbols
\pmbraise@=\dimen136
) (/home/santiago/.TinyTeX/texmf-dist/tex/latex/amsmath/amsopn.sty
Package: amsopn 2016/03/08 v2.02 operator names
)
\inf@bad=\count176
LaTeX Info: Redefining \frac on input line 227.
\uproot@=\count177
\leftroot@=\count178
LaTeX Info: Redefining \overline on input line 389.
\classnum@=\count179
\DOTSCASE@=\count180
LaTeX Info: Redefining \ldots on input line 486.
LaTeX Info: Redefining \dots on input line 489.
LaTeX Info: Redefining \cdots on input line 610.
\Mathstrutbox@=\box45
\strutbox@=\box46
\big@size=\dimen137
LaTeX Font Info:    Redeclaring font encoding OML on input line 733.
LaTeX Font Info:    Redeclaring font encoding OMS on input line 734.
\macc@depth=\count181
\c@MaxMatrixCols=\count182
\dotsspace@=\muskip16
\c@parentequation=\count183
\dspbrk@lvl=\count184
\tag@help=\toks17
\row@=\count185
\column@=\count186
\maxfields@=\count187
\andhelp@=\toks18
\eqnshift@=\dimen138
\alignsep@=\dimen139
\tagshift@=\dimen140
\tagwidth@=\dimen141
\totwidth@=\dimen142
\lineht@=\dimen143
\@envbody=\toks19
\multlinegap=\skip50
\multlinetaggap=\skip51
\mathdisplay@stack=\toks20
LaTeX Info: Redefining \[ on input line 2859.
LaTeX Info: Redefining \] on input line 2860.
) (/home/santiago/.TinyTeX/texmf-dist/tex/generic/iftex/ifxetex.sty
Package: ifxetex 2019/10/25 v0.7 ifxetex legacy package. Use iftex instead.
(/home/santiago/.TinyTeX/texmf-dist/tex/generic/iftex/iftex.sty
Package: iftex 2020/03/06 v1.0d TeX engine tests
)) (/home/santiago/.TinyTeX/texmf-dist/tex/generic/iftex/ifluatex.sty
Package: ifluatex 2019/10/25 v1.5 ifluatex legacy package. Use iftex instead.
) (/home/santiago/.TinyTeX/texmf-dist/tex/latex/base/fontenc.sty
Package: fontenc 2020/02/11 v2.0o Standard LaTeX package
LaTeX Font Info:    Trying to load font information for T1+lmr on input line 11
2.
(/home/santiago/.TinyTeX/texmf-dist/tex/latex/lm/t1lmr.fd
File: t1lmr.fd 2009/10/30 v1.6 Font defs for Latin Modern
)) (/home/santiago/.TinyTeX/texmf-dist/tex/latex/base/inputenc.sty
Package: inputenc 2018/08/11 v1.3c Input encoding file
\inpenc@prehook=\toks21
\inpenc@posthook=\toks22
) (/home/santiago/.TinyTeX/texmf-dist/tex/latex/base/textcomp.sty
Package: textcomp 2020/02/02 v2.0n Standard LaTeX package
) (/home/santiago/.TinyTeX/texmf-dist/tex/latex/parskip/parskip.sty
Package: parskip 2020-06-15 v2.0f non-zero parskip adjustments
(/home/santiago/.TinyTeX/texmf-dist/tex/latex/kvoptions/kvoptions.sty
Package: kvoptions 2019/11/29 v3.13 Key value format for package options (HO)
(/home/santiago/.TinyTeX/texmf-dist/tex/latex/graphics/keyval.sty
Package: keyval 2014/10/28 v1.15 key=value parser (DPC)
\KV@toks@=\toks23
) (/home/santiago/.TinyTeX/texmf-dist/tex/generic/ltxcmds/ltxcmds.sty
Package: ltxcmds 2019/12/15 v1.24 LaTeX kernel commands for general use (HO)
) (/home/santiago/.TinyTeX/texmf-dist/tex/generic/kvsetkeys/kvsetkeys.sty
Package: kvsetkeys 2019/12/15 v1.18 Key value parser (HO)
)) (/home/santiago/.TinyTeX/texmf-dist/tex/latex/etoolbox/etoolbox.sty
Package: etoolbox 2020/07/15 v2.5i e-TeX tools for LaTeX (JAW)
\etb@tempcnta=\count188
)) (/home/santiago/.TinyTeX/texmf-dist/tex/latex/xcolor/xcolor.sty
Package: xcolor 2016/05/11 v2.12 LaTeX color extensions (UK)
(/home/santiago/.TinyTeX/texmf-dist/tex/latex/graphics-cfg/color.cfg
File: color.cfg 2016/01/02 v1.6 sample color configuration
)
Package xcolor Info: Driver file: pdftex.def on input line 225.
(/home/santiago/.TinyTeX/texmf-dist/tex/latex/graphics-def/pdftex.def
File: pdftex.def 2018/01/08 v1.0l Graphics/color driver for pdftex
)
Package xcolor Info: Model `cmy' substituted by `cmy0' on input line 1348.
Package xcolor Info: Model `hsb' substituted by `rgb' on input line 1352.
Package xcolor Info: Model `RGB' extended on input line 1364.
Package xcolor Info: Model `HTML' substituted by `rgb' on input line 1366.
Package xcolor Info: Model `Hsb' substituted by `hsb' on input line 1367.
Package xcolor Info: Model `tHsb' substituted by `hsb' on input line 1368.
Package xcolor Info: Model `HSB' substituted by `hsb' on input line 1369.
Package xcolor Info: Model `Gray' substituted by `gray' on input line 1370.
Package xcolor Info: Model `wave' substituted by `hsb' on input line 1371.
) (/home/santiago/.TinyTeX/texmf-dist/tex/latex/hyperref/hyperref.sty
Package: hyperref 2020-05-15 v7.00e Hypertext links for LaTeX
(/home/santiago/.TinyTeX/texmf-dist/tex/generic/pdftexcmds/pdftexcmds.sty
Package: pdftexcmds 2020-06-27 v0.33 Utility functions of pdfTeX for LuaTeX (HO
)
(/home/santiago/.TinyTeX/texmf-dist/tex/generic/infwarerr/infwarerr.sty
Package: infwarerr 2019/12/03 v1.5 Providing info/warning/error messages (HO)
)
Package pdftexcmds Info: \pdf@primitive is available.
Package pdftexcmds Info: \pdf@ifprimitive is available.
Package pdftexcmds Info: \pdfdraftmode found.
) (/home/santiago/.TinyTeX/texmf-dist/tex/generic/kvdefinekeys/kvdefinekeys.sty
Package: kvdefinekeys 2019-12-19 v1.6 Define keys (HO)
) (/home/santiago/.TinyTeX/texmf-dist/tex/generic/pdfescape/pdfescape.sty
Package: pdfescape 2019/12/09 v1.15 Implements pdfTeX's escape features (HO)
) (/home/santiago/.TinyTeX/texmf-dist/tex/latex/hycolor/hycolor.sty
Package: hycolor 2020-01-27 v1.10 Color options for hyperref/bookmark (HO)
) (/home/santiago/.TinyTeX/texmf-dist/tex/latex/letltxmacro/letltxmacro.sty
Package: letltxmacro 2019/12/03 v1.6 Let assignment for LaTeX macros (HO)
) (/home/santiago/.TinyTeX/texmf-dist/tex/latex/auxhook/auxhook.sty
Package: auxhook 2019-12-17 v1.6 Hooks for auxiliary files (HO)
)
\@linkdim=\dimen144
\Hy@linkcounter=\count189
\Hy@pagecounter=\count190
(/home/santiago/.TinyTeX/texmf-dist/tex/latex/hyperref/pd1enc.def
File: pd1enc.def 2020-05-15 v7.00e Hyperref: PDFDocEncoding definition (HO)
Now handling font encoding PD1 ...
... no UTF-8 mapping file for font encoding PD1
) (/home/santiago/.TinyTeX/texmf-dist/tex/generic/intcalc/intcalc.sty
Package: intcalc 2019/12/15 v1.3 Expandable calculations with integers (HO)
) (/home/santiago/.TinyTeX/texmf-dist/tex/generic/etexcmds/etexcmds.sty
Package: etexcmds 2019/12/15 v1.7 Avoid name clashes with e-TeX commands (HO)
)
\Hy@SavedSpaceFactor=\count191
Package hyperref Info: Option `unicode' set `true' on input line 4338.
(/home/santiago/.TinyTeX/texmf-dist/tex/latex/hyperref/puenc.def
File: puenc.def 2020-05-15 v7.00e Hyperref: PDF Unicode definition (HO)
Now handling font encoding PU ...
... no UTF-8 mapping file for font encoding PU
)
Package hyperref Info: Hyper figures OFF on input line 4464.
Package hyperref Info: Link nesting OFF on input line 4469.
Package hyperref Info: Hyper index ON on input line 4472.
Package hyperref Info: Plain pages OFF on input line 4479.
Package hyperref Info: Backreferencing OFF on input line 4484.
Package hyperref Info: Implicit mode ON; LaTeX internals redefined.
Package hyperref Info: Bookmarks ON on input line 4717.
\c@Hy@tempcnt=\count192
(/home/santiago/.TinyTeX/texmf-dist/tex/latex/url/url.sty
\Urlmuskip=\muskip17
Package: url 2013/09/16  ver 3.4  Verb mode for urls, etc.
)
LaTeX Info: Redefining \url on input line 5076.
\XeTeXLinkMargin=\dimen145
(/home/santiago/.TinyTeX/texmf-dist/tex/generic/bitset/bitset.sty
Package: bitset 2019/12/09 v1.3 Handle bit-vector datatype (HO)
(/home/santiago/.TinyTeX/texmf-dist/tex/generic/bigintcalc/bigintcalc.sty
Package: bigintcalc 2019/12/15 v1.5 Expandable calculations on big integers (HO
)
))
\Fld@menulength=\count193
\Field@Width=\dimen146
\Fld@charsize=\dimen147
Package hyperref Info: Hyper figures OFF on input line 6347.
Package hyperref Info: Link nesting OFF on input line 6352.
Package hyperref Info: Hyper index ON on input line 6355.
Package hyperref Info: backreferencing OFF on input line 6362.
Package hyperref Info: Link coloring OFF on input line 6367.
Package hyperref Info: Link coloring with OCG OFF on input line 6372.
Package hyperref Info: PDF/A mode OFF on input line 6377.
LaTeX Info: Redefining \ref on input line 6417.
LaTeX Info: Redefining \pageref on input line 6421.
(/home/santiago/.TinyTeX/texmf-dist/tex/generic/atbegshi/atbegshi.sty
Package: atbegshi 2019/12/05 v1.19 At begin shipout hook (HO)
)
\Hy@abspage=\count194
\c@Item=\count195
\c@Hfootnote=\count196
)
Package hyperref Info: Driver (autodetected): hpdftex.
(/home/santiago/.TinyTeX/texmf-dist/tex/latex/hyperref/hpdftex.def
File: hpdftex.def 2020-05-15 v7.00e Hyperref driver for pdfTeX
(/home/santiago/.TinyTeX/texmf-dist/tex/latex/atveryend/atveryend.sty
Package: atveryend 2019-12-11 v1.11 Hooks at the very end of document (HO)
)
\Fld@listcount=\count197
\c@bookmark@seq@number=\count198

(/home/santiago/.TinyTeX/texmf-dist/tex/latex/rerunfilecheck/rerunfilecheck.sty
Package: rerunfilecheck 2019/12/05 v1.9 Rerun checks for auxiliary files (HO)

(/home/santiago/.TinyTeX/texmf-dist/tex/generic/uniquecounter/uniquecounter.sty
Package: uniquecounter 2019/12/15 v1.4 Provide unlimited unique counter (HO)
)
Package uniquecounter Info: New unique counter `rerunfilecheck' on input line 2
86.
)
\Hy@SectionHShift=\skip52
) (/home/santiago/.TinyTeX/texmf-dist/tex/latex/geometry/geometry.sty
Package: geometry 2020/01/02 v5.9 Page Geometry
(/home/santiago/.TinyTeX/texmf-dist/tex/generic/iftex/ifvtex.sty
Package: ifvtex 2019/10/25 v1.7 ifvtex legacy package. Use iftex instead.
)
\Gm@cnth=\count199
\Gm@cntv=\count266
\c@Gm@tempcnt=\count267
\Gm@bindingoffset=\dimen148
\Gm@wd@mp=\dimen149
\Gm@odd@mp=\dimen150
\Gm@even@mp=\dimen151
\Gm@layoutwidth=\dimen152
\Gm@layoutheight=\dimen153
\Gm@layouthoffset=\dimen154
\Gm@layoutvoffset=\dimen155
\Gm@dimlist=\toks24
) (/home/santiago/.TinyTeX/texmf-dist/tex/latex/fancyvrb/fancyvrb.sty
Package: fancyvrb 2020/05/03 v3.6 verbatim text (tvz,hv)
\FV@CodeLineNo=\count268
\FV@InFile=\read2
\FV@TabBox=\box47
\c@FancyVerbLine=\count269
\FV@StepNumber=\count270
\FV@OutFile=\write3
) (/home/santiago/.TinyTeX/texmf-dist/tex/latex/framed/framed.sty
Package: framed 2011/10/22 v 0.96: framed or shaded text with page breaks
\OuterFrameSep=\skip53
\fb@frw=\dimen156
\fb@frh=\dimen157
\FrameRule=\dimen158
\FrameSep=\dimen159
) (/home/santiago/.TinyTeX/texmf-dist/tex/latex/graphics/graphicx.sty
Package: graphicx 2019/11/30 v1.2a Enhanced LaTeX Graphics (DPC,SPQR)
(/home/santiago/.TinyTeX/texmf-dist/tex/latex/graphics/graphics.sty
Package: graphics 2019/11/30 v1.4a Standard LaTeX Graphics (DPC,SPQR)
(/home/santiago/.TinyTeX/texmf-dist/tex/latex/graphics/trig.sty
Package: trig 2016/01/03 v1.10 sin cos tan (DPC)
) (/home/santiago/.TinyTeX/texmf-dist/tex/latex/graphics-cfg/graphics.cfg
File: graphics.cfg 2016/06/04 v1.11 sample graphics configuration
)
Package graphics Info: Driver file: pdftex.def on input line 105.
)
\Gin@req@height=\dimen160
\Gin@req@width=\dimen161
) (/home/santiago/.TinyTeX/texmf-dist/tex/latex/grffile/grffile.sty
Package: grffile 2019/11/11 v2.1 Extended file name support for graphics (legac
y)
Package grffile Info: This package is an empty stub for compatibility on input 
line 40.
) (/home/santiago/.TinyTeX/texmf-dist/tex/latex/l3backend/l3backend-pdfmode.def
File: l3backend-pdfmode.def 2020-08-07 L3 backend support: PDF mode
\l__kernel_color_stack_int=\count271
\l__pdf_internal_box=\box48
) (./01-Intro-Distribuciones-Probabilidad.aux)
\openout1 = `01-Intro-Distribuciones-Probabilidad.aux'.

LaTeX Font Info:    Checking defaults for OML/cmm/m/it on input line 107.
LaTeX Font Info:    ... okay on input line 107.
LaTeX Font Info:    Checking defaults for OMS/cmsy/m/n on input line 107.
LaTeX Font Info:    ... okay on input line 107.
LaTeX Font Info:    Checking defaults for OT1/cmr/m/n on input line 107.
LaTeX Font Info:    ... okay on input line 107.
LaTeX Font Info:    Checking defaults for T1/cmr/m/n on input line 107.
LaTeX Font Info:    ... okay on input line 107.
LaTeX Font Info:    Checking defaults for TS1/cmr/m/n on input line 107.
LaTeX Font Info:    ... okay on input line 107.
LaTeX Font Info:    Checking defaults for OMX/cmex/m/n on input line 107.
LaTeX Font Info:    ... okay on input line 107.
LaTeX Font Info:    Checking defaults for U/cmr/m/n on input line 107.
LaTeX Font Info:    ... okay on input line 107.
LaTeX Font Info:    Checking defaults for PD1/pdf/m/n on input line 107.
LaTeX Font Info:    ... okay on input line 107.
LaTeX Font Info:    Checking defaults for PU/pdf/m/n on input line 107.
LaTeX Font Info:    ... okay on input line 107.
(/home/santiago/.TinyTeX/texmf-dist/tex/latex/epstopdf-pkg/epstopdf-base.sty
Package: epstopdf-base 2020-01-24 v2.11 Base part for package epstopdf
Package epstopdf-base Info: Redefining graphics rule for `.eps' on input line 4
85.
(/home/santiago/.TinyTeX/texmf-dist/tex/latex/latexconfig/epstopdf-sys.cfg
File: epstopdf-sys.cfg 2010/07/13 v1.3 Configuration of (r)epstopdf for TeX Liv
e
))
\AtBeginShipoutBox=\box49
Package hyperref Info: Link coloring OFF on input line 107.
(/home/santiago/.TinyTeX/texmf-dist/tex/latex/hyperref/nameref.sty
Package: nameref 2019/09/16 v2.46 Cross-referencing by name of section
(/home/santiago/.TinyTeX/texmf-dist/tex/latex/refcount/refcount.sty
Package: refcount 2019/12/15 v3.6 Data extraction from label references (HO)
)
(/home/santiago/.TinyTeX/texmf-dist/tex/generic/gettitlestring/gettitlestring.s
ty
Package: gettitlestring 2019/12/15 v1.6 Cleanup title references (HO)
)
\c@section@level=\count272
)
LaTeX Info: Redefining \ref on input line 107.
LaTeX Info: Redefining \pageref on input line 107.
LaTeX Info: Redefining \nameref on input line 107.
(./01-Intro-Distribuciones-Probabilidad.out) (./01-Intro-Distribuciones-Probabi
lidad.out)
\@outlinefile=\write4
\openout4 = `01-Intro-Distribuciones-Probabilidad.out'.

*geometry* driver: auto-detecting
*geometry* detected driver: pdftex
*geometry* verbose mode - [ preamble ] result:
* driver: pdftex
* paper: <default>
* layout: <same size as paper>
* layoutoffset:(h,v)=(0.0pt,0.0pt)
* modes: 
* h-part:(L,W,R)=(72.26999pt, 469.75502pt, 72.26999pt)
* v-part:(T,H,B)=(72.26999pt, 650.43001pt, 72.26999pt)
* \paperwidth=614.295pt
* \paperheight=794.96999pt
* \textwidth=469.75502pt
* \textheight=650.43001pt
* \oddsidemargin=0.0pt
* \evensidemargin=0.0pt
* \topmargin=-37.0pt
* \headheight=12.0pt
* \headsep=25.0pt
* \topskip=10.0pt
* \footskip=30.0pt
* \marginparwidth=65.0pt
* \marginparsep=11.0pt
* \columnsep=10.0pt
* \skip\footins=9.0pt plus 4.0pt minus 2.0pt
* \hoffset=0.0pt
* \voffset=0.0pt
* \mag=1000
* \@twocolumnfalse
* \@twosidefalse
* \@mparswitchfalse
* \@reversemarginfalse
* (1in=72.27pt=25.4mm, 1cm=28.453pt)

LaTeX Font Info:    Trying to load font information for OT1+lmr on input line 1
09.
(/home/santiago/.TinyTeX/texmf-dist/tex/latex/lm/ot1lmr.fd
File: ot1lmr.fd 2009/10/30 v1.6 Font defs for Latin Modern
)
LaTeX Font Info:    Trying to load font information for OML+lmm on input line 1
09.
(/home/santiago/.TinyTeX/texmf-dist/tex/latex/lm/omllmm.fd
File: omllmm.fd 2009/10/30 v1.6 Font defs for Latin Modern
)
LaTeX Font Info:    Trying to load font information for OMS+lmsy on input line 
109.
(/home/santiago/.TinyTeX/texmf-dist/tex/latex/lm/omslmsy.fd
File: omslmsy.fd 2009/10/30 v1.6 Font defs for Latin Modern
)
LaTeX Font Info:    Trying to load font information for OMX+lmex on input line 
109.
(/home/santiago/.TinyTeX/texmf-dist/tex/latex/lm/omxlmex.fd
File: omxlmex.fd 2009/10/30 v1.6 Font defs for Latin Modern
)
LaTeX Font Info:    External font `lmex10' loaded for size
(Font)              <12> on input line 109.
LaTeX Font Info:    External font `lmex10' loaded for size
(Font)              <8> on input line 109.
LaTeX Font Info:    External font `lmex10' loaded for size
(Font)              <6> on input line 109.
LaTeX Font Info:    Trying to load font information for U+msa on input line 109
.
(/home/santiago/.TinyTeX/texmf-dist/tex/latex/amsfonts/umsa.fd
File: umsa.fd 2013/01/14 v3.01 AMS symbols A
)
LaTeX Font Info:    Trying to load font information for U+msb on input line 109
.
(/home/santiago/.TinyTeX/texmf-dist/tex/latex/amsfonts/umsb.fd
File: umsb.fd 2013/01/14 v3.01 AMS symbols B
)
LaTeX Font Info:    Trying to load font information for TS1+lmr on input line 1
15.
(/home/santiago/.TinyTeX/texmf-dist/tex/latex/lm/ts1lmr.fd
File: ts1lmr.fd 2009/10/30 v1.6 Font defs for Latin Modern
)
LaTeX Font Info:    External font `lmex10' loaded for size
(Font)              <10> on input line 121.
LaTeX Font Info:    External font `lmex10' loaded for size
(Font)              <7> on input line 121.
LaTeX Font Info:    External font `lmex10' loaded for size
(Font)              <5> on input line 121.

Package hyperref Warning: Difference (2) between bookmark levels is greater 
(hyperref)                than one, level fixed on input line 126.


Package hyperref Warning: Difference (2) between bookmark levels is greater 
(hyperref)                than one, level fixed on input line 148.

[1

{/home/santiago/.TinyTeX/texmf-var/fonts/map/pdftex/updmap/pdftex.map}]

Package hyperref Warning: Difference (2) between bookmark levels is greater 
(hyperref)                than one, level fixed on input line 184.


Package hyperref Warning: Difference (2) between bookmark levels is greater 
(hyperref)                than one, level fixed on input line 218.


Package hyperref Warning: Difference (2) between bookmark levels is greater 
(hyperref)                than one, level fixed on input line 237.

[2] [3] [4]

Package hyperref Warning: Difference (2) between bookmark levels is greater 
(hyperref)                than one, level fixed on input line 403.

[5]
LaTeX Font Info:    Trying to load font information for T1+lmtt on input line 4
60.
(/home/santiago/.TinyTeX/texmf-dist/tex/latex/lm/t1lmtt.fd
File: t1lmtt.fd 2009/10/30 v1.6 Font defs for Latin Modern
)
LaTeX Font Info:    Font shape `T1/lmtt/bx/n' in size <14.4> not available
(Font)              Font shape `T1/lmtt/b/n' tried instead on input line 460.
[6]
LaTeX Font Info:    Font shape `T1/lmtt/bx/n' in size <10> not available
(Font)              Font shape `T1/lmtt/b/n' tried instead on input line 584.
[7]
<01-Intro-Distribuciones-Probabilidad_files/figure-latex/unnamed-chunk-1-1.pdf,
 id=305, 469.755pt x 325.215pt>
File: 01-Intro-Distribuciones-Probabilidad_files/figure-latex/unnamed-chunk-1-1
.pdf Graphic file (type pdf)
<use 01-Intro-Distribuciones-Probabilidad_files/figure-latex/unnamed-chunk-1-1.
pdf>
Package pdftex.def Info: 01-Intro-Distribuciones-Probabilidad_files/figure-late
x/unnamed-chunk-1-1.pdf  used on input line 678.
(pdftex.def)             Requested size: 469.75386pt x 325.2142pt.
[8 <./01-Intro-Distribuciones-Probabilidad_files/figure-latex/unnamed-chunk-1-1
.pdf>]

Package amsmath Warning: Foreign command \atopwithdelims;
(amsmath)                \frac or \genfrac should be used instead
(amsmath)                 on input line 699.


Underfull \hbox (badness 1939) in paragraph at lines 729--736
[]\T1/lmr/m/n/10 En \T1/lmtt/m/n/10 R \T1/lmr/m/n/10 ten-emos las fun-ciones de
l pa-quete \T1/lmtt/m/n/10 Rlab\T1/lmr/m/n/10 :\T1/lmtt/m/n/10 dbinom(x,size,pr
ob)\T1/lmr/m/n/10 , \T1/lmtt/m/n/10 pbinom(q,size,prob)\T1/lmr/m/n/10 ,
 []


Underfull \hbox (badness 1009) in paragraph at lines 736--741
[]\T1/lmr/m/n/10 En \T1/lmtt/m/n/10 Python \T1/lmr/m/n/10 ten-mos las fun-cione
s del pa-quete \T1/lmtt/m/n/10 scipy.stats.binom\T1/lmr/m/n/10 : \T1/lmtt/m/n/1
0 pmf(k,n,p)\T1/lmr/m/n/10 , \T1/lmtt/m/n/10 cdf(k,n,p)\T1/lmr/m/n/10 ,
 []

LaTeX Font Info:    Font shape `T1/lmtt/bx/n' in size <12> not available
(Font)              Font shape `T1/lmtt/b/n' tried instead on input line 745.
<01-Intro-Distribuciones-Probabilidad_files/figure-latex/unnamed-chunk-2-1.pdf,
 id=318, 469.755pt x 325.215pt>
File: 01-Intro-Distribuciones-Probabilidad_files/figure-latex/unnamed-chunk-2-1
.pdf Graphic file (type pdf)
<use 01-Intro-Distribuciones-Probabilidad_files/figure-latex/unnamed-chunk-2-1.
pdf>
Package pdftex.def Info: 01-Intro-Distribuciones-Probabilidad_files/figure-late
x/unnamed-chunk-2-1.pdf  used on input line 777.
(pdftex.def)             Requested size: 469.75386pt x 325.2142pt.
[9]
<01-Intro-Distribuciones-Probabilidad_files/figure-latex/unnamed-chunk-2-2.pdf,
 id=325, 469.755pt x 325.215pt>
File: 01-Intro-Distribuciones-Probabilidad_files/figure-latex/unnamed-chunk-2-2
.pdf Graphic file (type pdf)
<use 01-Intro-Distribuciones-Probabilidad_files/figure-latex/unnamed-chunk-2-2.
pdf>
Package pdftex.def Info: 01-Intro-Distribuciones-Probabilidad_files/figure-late
x/unnamed-chunk-2-2.pdf  used on input line 785.
(pdftex.def)             Requested size: 469.75386pt x 325.2142pt.
[10 <./01-Intro-Distribuciones-Probabilidad_files/figure-latex/unnamed-chunk-2-
1.pdf>]
<01-Intro-Distribuciones-Probabilidad_files/figure-latex/unnamed-chunk-2-3.pdf,
 id=335, 469.755pt x 325.215pt>
File: 01-Intro-Distribuciones-Probabilidad_files/figure-latex/unnamed-chunk-2-3
.pdf Graphic file (type pdf)
<use 01-Intro-Distribuciones-Probabilidad_files/figure-latex/unnamed-chunk-2-3.
pdf>
Package pdftex.def Info: 01-Intro-Distribuciones-Probabilidad_files/figure-late
x/unnamed-chunk-2-3.pdf  used on input line 813.
(pdftex.def)             Requested size: 469.75386pt x 325.2142pt.
[11 <./01-Intro-Distribuciones-Probabilidad_files/figure-latex/unnamed-chunk-2-
2.pdf>] [12 <./01-Intro-Distribuciones-Probabilidad_files/figure-latex/unnamed-
chunk-2-3.pdf>]
Overfull \hbox (33.09288pt too wide) in paragraph at lines 867--872
[]\T1/lmr/m/n/10 En \T1/lmtt/m/n/10 R \T1/lmr/m/n/10 ten-emos las fun-ciones de
l pa-quete \T1/lmtt/m/n/10 Rlab\T1/lmr/m/n/10 :\T1/lmtt/m/n/10 dgeom(x,prob)\T1
/lmr/m/n/10 , \T1/lmtt/m/n/10 pgeom(q,prob)\T1/lmr/m/n/10 , \T1/lmtt/m/n/10 qge
om(p,prob)\T1/lmr/m/n/10 ,\T1/lmtt/m/n/10 rgeom(n,prob)
 []


Underfull \hbox (badness 1502) in paragraph at lines 872--877
[]\T1/lmr/m/n/10 En \T1/lmtt/m/n/10 Python \T1/lmr/m/n/10 ten-mos las fun-cione
s del pa-quete \T1/lmtt/m/n/10 scipy.stats.geom\T1/lmr/m/n/10 : \T1/lmtt/m/n/10
 pmf(k,n,p)\T1/lmr/m/n/10 , \T1/lmtt/m/n/10 cdf(k,n,p)\T1/lmr/m/n/10 ,
 []

<01-Intro-Distribuciones-Probabilidad_files/figure-latex/unnamed-chunk-3-1.pdf,
 id=357, 469.755pt x 325.215pt>
File: 01-Intro-Distribuciones-Probabilidad_files/figure-latex/unnamed-chunk-3-1
.pdf Graphic file (type pdf)
<use 01-Intro-Distribuciones-Probabilidad_files/figure-latex/unnamed-chunk-3-1.
pdf>
Package pdftex.def Info: 01-Intro-Distribuciones-Probabilidad_files/figure-late
x/unnamed-chunk-3-1.pdf  used on input line 897.
(pdftex.def)             Requested size: 469.75386pt x 325.2142pt.
<01-Intro-Distribuciones-Probabilidad_files/figure-latex/unnamed-chunk-3-2.pdf,
 id=358, 469.755pt x 325.215pt>
File: 01-Intro-Distribuciones-Probabilidad_files/figure-latex/unnamed-chunk-3-2
.pdf Graphic file (type pdf)
<use 01-Intro-Distribuciones-Probabilidad_files/figure-latex/unnamed-chunk-3-2.
pdf>
Package pdftex.def Info: 01-Intro-Distribuciones-Probabilidad_files/figure-late
x/unnamed-chunk-3-2.pdf  used on input line 905.
(pdftex.def)             Requested size: 469.75386pt x 325.2142pt.
[13 <./01-Intro-Distribuciones-Probabilidad_files/figure-latex/unnamed-chunk-3-
1.pdf>]
<01-Intro-Distribuciones-Probabilidad_files/figure-latex/unnamed-chunk-3-3.pdf,
 id=370, 469.755pt x 325.215pt>
File: 01-Intro-Distribuciones-Probabilidad_files/figure-latex/unnamed-chunk-3-3
.pdf Graphic file (type pdf)
<use 01-Intro-Distribuciones-Probabilidad_files/figure-latex/unnamed-chunk-3-3.
pdf>
Package pdftex.def Info: 01-Intro-Distribuciones-Probabilidad_files/figure-late
x/unnamed-chunk-3-3.pdf  used on input line 933.
(pdftex.def)             Requested size: 469.75386pt x 325.2142pt.
[14 <./01-Intro-Distribuciones-Probabilidad_files/figure-latex/unnamed-chunk-3-
2.pdf>]
Underfull \hbox (badness 2237) in paragraph at lines 982--988
[]\T1/lmr/m/n/10 En \T1/lmtt/m/n/10 R \T1/lmr/m/n/10 ten-emos las fun-ciones de
l pa-quete \T1/lmtt/m/n/10 Rlab: dhyper(x, m, n, k), phyper(q, m, n, k),
 []

[15 <./01-Intro-Distribuciones-Probabilidad_files/figure-latex/unnamed-chunk-3-
3.pdf>]
Overfull \hbox (7.39958pt too wide) in paragraph at lines 988--993
[]\T1/lmr/m/n/10 En \T1/lmtt/m/n/10 Python \T1/lmr/m/n/10 ten-mos las fun-cione
s del pa-quete \T1/lmtt/m/n/10 scipy.stats.hypergeom: pmf(k,M,n,N), cdf(k,M,n,N
),
 []

<01-Intro-Distribuciones-Probabilidad_files/figure-latex/unnamed-chunk-4-1.pdf,
 id=391, 469.755pt x 325.215pt>
File: 01-Intro-Distribuciones-Probabilidad_files/figure-latex/unnamed-chunk-4-1
.pdf Graphic file (type pdf)
<use 01-Intro-Distribuciones-Probabilidad_files/figure-latex/unnamed-chunk-4-1.
pdf>
Package pdftex.def Info: 01-Intro-Distribuciones-Probabilidad_files/figure-late
x/unnamed-chunk-4-1.pdf  used on input line 1049.
(pdftex.def)             Requested size: 469.75386pt x 325.2142pt.
[16] [17 <./01-Intro-Distribuciones-Probabilidad_files/figure-latex/unnamed-chu
nk-4-1.pdf>]
Overfull \hbox (17.09297pt too wide) in paragraph at lines 1096--1101
[]\T1/lmr/m/n/10 En \T1/lmtt/m/n/10 R \T1/lmr/m/n/10 ten-emos las fun-ciones de
l pa-quete \T1/lmtt/m/n/10 Rlab: dpois(x,lambda), ppois(q,lambda), qpois(p,lamb
da),
 []


Underfull \hbox (badness 2837) in paragraph at lines 1101--1106
[]\T1/lmr/m/n/10 En \T1/lmtt/m/n/10 Python \T1/lmr/m/n/10 ten-emos fun-ciones d
el pa-quete \T1/lmtt/m/n/10 scipy.stats.poisson\T1/lmr/m/n/10 : \T1/lmtt/m/n/10
 pmf(k,mu), cdf(k,mu),
 []

<01-Intro-Distribuciones-Probabilidad_files/figure-latex/unnamed-chunk-5-1.pdf,
 id=408, 469.755pt x 325.215pt>
File: 01-Intro-Distribuciones-Probabilidad_files/figure-latex/unnamed-chunk-5-1
.pdf Graphic file (type pdf)
<use 01-Intro-Distribuciones-Probabilidad_files/figure-latex/unnamed-chunk-5-1.
pdf>
Package pdftex.def Info: 01-Intro-Distribuciones-Probabilidad_files/figure-late
x/unnamed-chunk-5-1.pdf  used on input line 1121.
(pdftex.def)             Requested size: 469.75386pt x 325.2142pt.
[18 <./01-Intro-Distribuciones-Probabilidad_files/figure-latex/unnamed-chunk-5-
1.pdf>]
<01-Intro-Distribuciones-Probabilidad_files/figure-latex/unnamed-chunk-5-2.pdf,
 id=419, 469.755pt x 325.215pt>
File: 01-Intro-Distribuciones-Probabilidad_files/figure-latex/unnamed-chunk-5-2
.pdf Graphic file (type pdf)
<use 01-Intro-Distribuciones-Probabilidad_files/figure-latex/unnamed-chunk-5-2.
pdf>
Package pdftex.def Info: 01-Intro-Distribuciones-Probabilidad_files/figure-late
x/unnamed-chunk-5-2.pdf  used on input line 1153.
(pdftex.def)             Requested size: 469.75386pt x 325.2142pt.
[19 <./01-Intro-Distribuciones-Probabilidad_files/figure-latex/unnamed-chunk-5-
2.pdf>]
<01-Intro-Distribuciones-Probabilidad_files/figure-latex/unnamed-chunk-6-1.pdf,
 id=432, 469.755pt x 325.215pt>
File: 01-Intro-Distribuciones-Probabilidad_files/figure-latex/unnamed-chunk-6-1
.pdf Graphic file (type pdf)
<use 01-Intro-Distribuciones-Probabilidad_files/figure-latex/unnamed-chunk-6-1.
pdf>
Package pdftex.def Info: 01-Intro-Distribuciones-Probabilidad_files/figure-late
x/unnamed-chunk-6-1.pdf  used on input line 1215.
(pdftex.def)             Requested size: 469.75386pt x 325.2142pt.
[20 <./01-Intro-Distribuciones-Probabilidad_files/figure-latex/unnamed-chunk-6-
1.pdf>] [21] [22]
<01-Intro-Distribuciones-Probabilidad_files/figure-latex/unnamed-chunk-7-1.pdf,
 id=460, 469.755pt x 325.215pt>
File: 01-Intro-Distribuciones-Probabilidad_files/figure-latex/unnamed-chunk-7-1
.pdf Graphic file (type pdf)
<use 01-Intro-Distribuciones-Probabilidad_files/figure-latex/unnamed-chunk-7-1.
pdf>
Package pdftex.def Info: 01-Intro-Distribuciones-Probabilidad_files/figure-late
x/unnamed-chunk-7-1.pdf  used on input line 1379.
(pdftex.def)             Requested size: 469.75386pt x 325.2142pt.
<01-Intro-Distribuciones-Probabilidad_files/figure-latex/unnamed-chunk-7-2.pdf,
 id=461, 469.755pt x 325.215pt>
File: 01-Intro-Distribuciones-Probabilidad_files/figure-latex/unnamed-chunk-7-2
.pdf Graphic file (type pdf)
<use 01-Intro-Distribuciones-Probabilidad_files/figure-latex/unnamed-chunk-7-2.
pdf>
Package pdftex.def Info: 01-Intro-Distribuciones-Probabilidad_files/figure-late
x/unnamed-chunk-7-2.pdf  used on input line 1387.
(pdftex.def)             Requested size: 469.75386pt x 325.2142pt.
[23 <./01-Intro-Distribuciones-Probabilidad_files/figure-latex/unnamed-chunk-7-
1.pdf>]
<01-Intro-Distribuciones-Probabilidad_files/figure-latex/unnamed-chunk-7-3.pdf,
 id=471, 469.755pt x 325.215pt>
File: 01-Intro-Distribuciones-Probabilidad_files/figure-latex/unnamed-chunk-7-3
.pdf Graphic file (type pdf)
<use 01-Intro-Distribuciones-Probabilidad_files/figure-latex/unnamed-chunk-7-3.
pdf>
Package pdftex.def Info: 01-Intro-Distribuciones-Probabilidad_files/figure-late
x/unnamed-chunk-7-3.pdf  used on input line 1406.
(pdftex.def)             Requested size: 469.75386pt x 325.2142pt.
[24 <./01-Intro-Distribuciones-Probabilidad_files/figure-latex/unnamed-chunk-7-
2.pdf>]
Underfull \hbox (badness 1325) in paragraph at lines 1454--1459
[]\T1/lmr/m/n/10 En \T1/lmtt/m/n/10 R \T1/lmr/m/n/10 ten-emos las fun-ciones de
l pa-quete \T1/lmtt/m/n/10 stats:dexp(x, rate),             pexp(q,rate),
 []

[25 <./01-Intro-Distribuciones-Probabilidad_files/figure-latex/unnamed-chunk-7-
3.pdf>]
Underfull \hbox (badness 1325) in paragraph at lines 1459--1463
[]\T1/lmr/m/n/10 En \T1/lmtt/m/n/10 Python \T1/lmr/m/n/10 ten-emos las fun-cion
es del pa-quete \T1/lmtt/m/n/10 scipy.stats.expon:          pdf(k,scale),
 []

<01-Intro-Distribuciones-Probabilidad_files/figure-latex/unnamed-chunk-8-1.pdf,
 id=493, 469.755pt x 325.215pt>
File: 01-Intro-Distribuciones-Probabilidad_files/figure-latex/unnamed-chunk-8-1
.pdf Graphic file (type pdf)
<use 01-Intro-Distribuciones-Probabilidad_files/figure-latex/unnamed-chunk-8-1.
pdf>
Package pdftex.def Info: 01-Intro-Distribuciones-Probabilidad_files/figure-late
x/unnamed-chunk-8-1.pdf  used on input line 1477.
(pdftex.def)             Requested size: 469.75386pt x 325.2142pt.
<01-Intro-Distribuciones-Probabilidad_files/figure-latex/unnamed-chunk-8-2.pdf,
 id=494, 469.755pt x 325.215pt>
File: 01-Intro-Distribuciones-Probabilidad_files/figure-latex/unnamed-chunk-8-2
.pdf Graphic file (type pdf)
<use 01-Intro-Distribuciones-Probabilidad_files/figure-latex/unnamed-chunk-8-2.
pdf>
Package pdftex.def Info: 01-Intro-Distribuciones-Probabilidad_files/figure-late
x/unnamed-chunk-8-2.pdf  used on input line 1487.
(pdftex.def)             Requested size: 469.75386pt x 325.2142pt.
[26 <./01-Intro-Distribuciones-Probabilidad_files/figure-latex/unnamed-chunk-8-
1.pdf>]
Underfull \hbox (badness 10000) in paragraph at lines 1528--1533

 []

[27 <./01-Intro-Distribuciones-Probabilidad_files/figure-latex/unnamed-chunk-8-
2.pdf>]
Underfull \hbox (badness 1389) in paragraph at lines 1533--1537
\T1/lmtt/m/n/10 cdf(k,mu,scale), ppf(q,mu,scale),rvs(n,mu,scale) \T1/lmr/m/n/10
 donde \T1/lmtt/m/n/10 mu \T1/lmr/m/n/10 es la me-dia y \T1/lmtt/m/n/10 scale \
T1/lmr/m/n/10 es la
 []

<01-Intro-Distribuciones-Probabilidad_files/figure-latex/unnamed-chunk-9-1.pdf,
 id=517, 469.755pt x 325.215pt>
File: 01-Intro-Distribuciones-Probabilidad_files/figure-latex/unnamed-chunk-9-1
.pdf Graphic file (type pdf)
<use 01-Intro-Distribuciones-Probabilidad_files/figure-latex/unnamed-chunk-9-1.
pdf>
Package pdftex.def Info: 01-Intro-Distribuciones-Probabilidad_files/figure-late
x/unnamed-chunk-9-1.pdf  used on input line 1568.
(pdftex.def)             Requested size: 469.75386pt x 325.2142pt.
[28]
<01-Intro-Distribuciones-Probabilidad_files/figure-latex/unnamed-chunk-9-2.pdf,
 id=523, 469.755pt x 325.215pt>
File: 01-Intro-Distribuciones-Probabilidad_files/figure-latex/unnamed-chunk-9-2
.pdf Graphic file (type pdf)
<use 01-Intro-Distribuciones-Probabilidad_files/figure-latex/unnamed-chunk-9-2.
pdf>
Package pdftex.def Info: 01-Intro-Distribuciones-Probabilidad_files/figure-late
x/unnamed-chunk-9-2.pdf  used on input line 1583.
(pdftex.def)             Requested size: 469.75386pt x 325.2142pt.
[29 <./01-Intro-Distribuciones-Probabilidad_files/figure-latex/unnamed-chunk-9-
1.pdf>] [30 <./01-Intro-Distribuciones-Probabilidad_files/figure-latex/unnamed-
chunk-9-2.pdf>] [31]
Package atveryend Info: Empty hook `BeforeClearDocument' on input line 1773.
[32]
Package atveryend Info: Empty hook `AfterLastShipout' on input line 1773.
(./01-Intro-Distribuciones-Probabilidad.aux)
Package atveryend Info: Executing hook `AtVeryEndDocument' on input line 1773.
Package atveryend Info: Executing hook `AtEndAfterFileList' on input line 1773.

Package rerunfilecheck Info: File `01-Intro-Distribuciones-Probabilidad.out' ha
s not changed.
(rerunfilecheck)             Checksum: C9E042F924500674FA405098C498C910;8568.
 ) 
Here is how much of TeX's memory you used:
 11621 strings out of 482854
 171808 string characters out of 5956422
 419036 words of memory out of 5000000
 26607 multiletter control sequences out of 15000+600000
 582330 words of font info for 73 fonts, out of 8000000 for 9000
 14 hyphenation exceptions out of 8191
 43i,8n,37p,835b,375s stack positions out of 5000i,500n,10000p,200000b,80000s
{/home/santiago/.TinyTeX/texmf-dist/fonts/enc/dvips/lm/lm-mathit.enc}{/home/s
antiago/.TinyTeX/texmf-dist/fonts/enc/dvips/lm/lm-rm.enc}{/home/santiago/.TinyT
eX/texmf-dist/fonts/enc/dvips/lm/lm-ec.enc}{/home/santiago/.TinyTeX/texmf-dist/
fonts/enc/dvips/lm/lm-mathex.enc}{/home/santiago/.TinyTeX/texmf-dist/fonts/enc/
dvips/lm/lm-mathsy.enc}{/home/santiago/.TinyTeX/texmf-dist/fonts/enc/dvips/lm/l
m-ts1.enc}</home/santiago/.TinyTeX/texmf-dist/fonts/type1/public/lm/lmbx10.pfb>
</home/santiago/.TinyTeX/texmf-dist/fonts/type1/public/lm/lmbx12.pfb></home/san
tiago/.TinyTeX/texmf-dist/fonts/type1/public/lm/lmex10.pfb></home/santiago/.Tin
yTeX/texmf-dist/fonts/type1/public/lm/lmmi10.pfb></home/santiago/.TinyTeX/texmf
-dist/fonts/type1/public/lm/lmmi12.pfb></home/santiago/.TinyTeX/texmf-dist/font
s/type1/public/lm/lmmi5.pfb></home/santiago/.TinyTeX/texmf-dist/fonts/type1/pub
lic/lm/lmmi7.pfb></home/santiago/.TinyTeX/texmf-dist/fonts/type1/public/lm/lmmi
8.pfb></home/santiago/.TinyTeX/texmf-dist/fonts/type1/public/lm/lmr10.pfb></hom
e/santiago/.TinyTeX/texmf-dist/fonts/type1/public/lm/lmr12.pfb></home/santiago/
.TinyTeX/texmf-dist/fonts/type1/public/lm/lmr17.pfb></home/santiago/.TinyTeX/te
xmf-dist/fonts/type1/public/lm/lmr5.pfb></home/santiago/.TinyTeX/texmf-dist/fon
ts/type1/public/lm/lmr7.pfb></home/santiago/.TinyTeX/texmf-dist/fonts/type1/pub
lic/lm/lmr8.pfb></home/santiago/.TinyTeX/texmf-dist/fonts/type1/public/lm/lmsy1
0.pfb></home/santiago/.TinyTeX/texmf-dist/fonts/type1/public/lm/lmsy5.pfb></hom
e/santiago/.TinyTeX/texmf-dist/fonts/type1/public/lm/lmsy7.pfb></home/santiago/
.TinyTeX/texmf-dist/fonts/type1/public/lm/lmtk10.pfb></home/santiago/.TinyTeX/t
exmf-dist/fonts/type1/public/lm/lmtt10.pfb></home/santiago/.TinyTeX/texmf-dist/
fonts/type1/public/lm/lmtti10.pfb></home/santiago/.TinyTeX/texmf-dist/fonts/typ
e1/public/amsfonts/symbols/msbm10.pfb>
Output written on 01-Intro-Distribuciones-Probabilidad.pdf (32 pages, 596970 by
tes).
PDF statistics:
 675 PDF objects out of 1000 (max. 8388607)
 578 compressed objects within 6 object streams
 148 named destinations out of 1000 (max. 500000)
 539 words of extra memory for PDF output out of 10000 (max. 10000000)

